# JRE version: OpenJDK Runtime Environment (11.0.20+8) (build 11.0.20+8-post-Ubuntu-1ubuntu120.04)
# Java VM: OpenJDK 64-Bit Server VM (11.0.20+8-post-Ubuntu-1ubuntu120.04, mixed mode, sharing, tiered, compressed oops, g1 gc, linux-amd64)
Heap:
 garbage-first heap   total 92160K, used 29412K [0x00000000c5e00000, 0x0000000100000000)
  region size 1024K, 6 young (6144K), 5 survivors (5120K)
 Metaspace       used 35117K, capacity 36058K, committed 36352K, reserved 1081344K
  class space    used 3853K, capacity 4147K, committed 4224K, reserved 1048576K
GC Heap History (20 events):
Event: 8.261 GC heap before
{Heap before GC invocations=5 (full 0):
 garbage-first heap   total 63488K, used 39952K [0x00000000c5e00000, 0x0000000100000000)
  region size 1024K, 36 young (36864K), 5 survivors (5120K)
 Metaspace       used 15150K, capacity 16564K, committed 17024K, reserved 1064960K
  class space    used 1686K, capacity 1914K, committed 1920K, reserved 1048576K
}
Event: 8.281 GC heap after
{Heap after GC invocations=6 (full 0):
 garbage-first heap   total 63488K, used 9630K [0x00000000c5e00000, 0x0000000100000000)
  region size 1024K, 4 young (4096K), 4 survivors (4096K)
 Metaspace       used 15150K, capacity 16564K, committed 17024K, reserved 1064960K
  class space    used 1686K, capacity 1914K, committed 1920K, reserved 1048576K
}
Event: 9.624 GC heap before
{Heap before GC invocations=6 (full 0):
 garbage-first heap   total 63488K, used 41374K [0x00000000c5e00000, 0x0000000100000000)
  region size 1024K, 35 young (35840K), 4 survivors (4096K)
 Metaspace       used 16350K, capacity 17701K, committed 18048K, reserved 1064960K
  class space    used 1806K, capacity 2057K, committed 2176K, reserved 1048576K
}
Event: 9.640 GC heap after
{Heap after GC invocations=7 (full 0):
 garbage-first heap   total 76800K, used 11692K [0x00000000c5e00000, 0x0000000100000000)
  region size 1024K, 4 young (4096K), 4 survivors (4096K)
 Metaspace       used 16350K, capacity 17701K, committed 18048K, reserved 1064960K
  class space    used 1806K, capacity 2057K, committed 2176K, reserved 1048576K
}
Event: 10.808 GC heap before
{Heap before GC invocations=7 (full 0):
 garbage-first heap   total 76800K, used 47532K [0x00000000c5e00000, 0x0000000100000000)
  region size 1024K, 39 young (39936K), 4 survivors (4096K)
 Metaspace       used 17237K, capacity 18596K, committed 19072K, reserved 1067008K
  class space    used 1873K, capacity 2140K, committed 2176K, reserved 1048576K
}
Event: 10.818 GC heap after
{Heap after GC invocations=8 (full 0):
 garbage-first heap   total 76800K, used 13210K [0x00000000c5e00000, 0x0000000100000000)
  region size 1024K, 4 young (4096K), 4 survivors (4096K)
 Metaspace       used 17237K, capacity 18596K, committed 19072K, reserved 1067008K
  class space    used 1873K, capacity 2140K, committed 2176K, reserved 1048576K
}
Event: 11.350 GC heap before
{Heap before GC invocations=8 (full 0):
 garbage-first heap   total 76800K, used 20378K [0x00000000c5e00000, 0x0000000100000000)
  region size 1024K, 12 young (12288K), 4 survivors (4096K)
 Metaspace       used 19723K, capacity 20914K, committed 21248K, reserved 1069056K
  class space    used 2173K, capacity 2443K, committed 2560K, reserved 1048576K
}
Event: 11.368 GC heap after
{Heap after GC invocations=9 (full 0):
 garbage-first heap   total 76800K, used 14004K [0x00000000c5e00000, 0x0000000100000000)
  region size 1024K, 3 young (3072K), 3 survivors (3072K)
 Metaspace       used 19723K, capacity 20914K, committed 21248K, reserved 1069056K
  class space    used 2173K, capacity 2443K, committed 2560K, reserved 1048576K
}
Event: 12.770 GC heap before
{Heap before GC invocations=10 (full 0):
 garbage-first heap   total 76800K, used 47796K [0x00000000c5e00000, 0x0000000100000000)
  region size 1024K, 36 young (36864K), 3 survivors (3072K)
 Metaspace       used 25453K, capacity 26139K, committed 26368K, reserved 1073152K
  class space    used 2820K, capacity 3051K, committed 3072K, reserved 1048576K
}
Event: 12.789 GC heap after
{Heap after GC invocations=11 (full 0):
 garbage-first heap   total 76800K, used 21551K [0x00000000c5e00000, 0x0000000100000000)
  region size 1024K, 5 young (5120K), 5 survivors (5120K)
 Metaspace       used 25453K, capacity 26139K, committed 26368K, reserved 1073152K
  class space    used 2820K, capacity 3051K, committed 3072K, reserved 1048576K
}
Event: 13.724 GC heap before
{Heap before GC invocations=11 (full 0):
 garbage-first heap   total 76800K, used 51247K [0x00000000c5e00000, 0x0000000100000000)
  region size 1024K, 34 young (34816K), 5 survivors (5120K)
 Metaspace       used 27399K, capacity 28185K, committed 28416K, reserved 1075200K
  class space    used 3001K, capacity 3238K, committed 3328K, reserved 1048576K
}
Event: 13.745 GC heap after
{Heap after GC invocations=12 (full 0):
 garbage-first heap   total 76800K, used 25073K [0x00000000c5e00000, 0x0000000100000000)
  region size 1024K, 5 young (5120K), 5 survivors (5120K)
 Metaspace       used 27399K, capacity 28185K, committed 28416K, reserved 1075200K
  class space    used 3001K, capacity 3238K, committed 3328K, reserved 1048576K
}
Event: 14.430 GC heap before
{Heap before GC invocations=12 (full 0):
 garbage-first heap   total 76800K, used 52721K [0x00000000c5e00000, 0x0000000100000000)
  region size 1024K, 32 young (32768K), 5 survivors (5120K)
 Metaspace       used 27954K, capacity 28751K, committed 28928K, reserved 1075200K
  class space    used 3042K, capacity 3292K, committed 3328K, reserved 1048576K
}
Event: 14.444 GC heap after
{Heap after GC invocations=13 (full 0):
 garbage-first heap   total 92160K, used 26729K [0x00000000c5e00000, 0x0000000100000000)
  region size 1024K, 3 young (3072K), 3 survivors (3072K)
 Metaspace       used 27954K, capacity 28751K, committed 28928K, reserved 1075200K
  class space    used 3042K, capacity 3292K, committed 3328K, reserved 1048576K
}
Event: 15.332 GC heap before
{Heap before GC invocations=13 (full 0):
 garbage-first heap   total 92160K, used 61545K [0x00000000c5e00000, 0x0000000100000000)
  region size 1024K, 37 young (37888K), 3 survivors (3072K)
 Metaspace       used 29153K, capacity 30060K, committed 30336K, reserved 1077248K
  class space    used 3136K, capacity 3410K, committed 3456K, reserved 1048576K
}
Event: 15.341 GC heap after
{Heap after GC invocations=14 (full 0):
 garbage-first heap   total 92160K, used 26024K [0x00000000c5e00000, 0x0000000100000000)
  region size 1024K, 2 young (2048K), 2 survivors (2048K)
 Metaspace       used 29153K, capacity 30060K, committed 30336K, reserved 1077248K
  class space    used 3136K, capacity 3410K, committed 3456K, reserved 1048576K
}
Event: 15.645 GC heap before
{Heap before GC invocations=14 (full 0):
 garbage-first heap   total 92160K, used 62888K [0x00000000c5e00000, 0x0000000100000000)
  region size 1024K, 38 young (38912K), 2 survivors (2048K)
 Metaspace       used 29303K, capacity 30188K, committed 30336K, reserved 1077248K
  class space    used 3138K, capacity 3410K, committed 3456K, reserved 1048576K
}
Event: 15.653 GC heap after
{Heap after GC invocations=15 (full 0):
 garbage-first heap   total 92160K, used 26479K [0x00000000c5e00000, 0x0000000100000000)
  region size 1024K, 3 young (3072K), 3 survivors (3072K)
 Metaspace       used 29303K, capacity 30188K, committed 30336K, reserved 1077248K
  class space    used 3138K, capacity 3410K, committed 3456K, reserved 1048576K
}
Event: 17.241 GC heap before
{Heap before GC invocations=15 (full 0):
 garbage-first heap   total 92160K, used 50031K [0x00000000c5e00000, 0x0000000100000000)
  region size 1024K, 27 young (27648K), 3 survivors (3072K)
 Metaspace       used 34774K, capacity 35675K, committed 35840K, reserved 1081344K
  class space    used 3805K, capacity 4104K, committed 4224K, reserved 1048576K
}
Event: 17.260 GC heap after
{Heap after GC invocations=16 (full 0):
 garbage-first heap   total 92160K, used 29412K [0x00000000c5e00000, 0x0000000100000000)
  region size 1024K, 5 young (5120K), 5 survivors (5120K)
 Metaspace       used 34774K, capacity 35675K, committed 35840K, reserved 1081344K
  class space    used 3805K, capacity 4104K, committed 4224K, reserved 1048576K
}

